<?xml version="1.0" encoding="UTF-8"?>
<!-- Generated by org.testng.reporters.JUnitReportReporter -->
<testsuite hostname="DESKTOP-5M61TFS" failures="0" tests="3" name="testclasses.verifyUserCheckPortfolioBalance" time="75.465" errors="0" timestamp="2022-06-05T23:32:37 IST" skipped="0">
  <testcase classname="testclasses.verifyUserCheckPortfolioBalance" name="verifyUserLogin" time="50.291"/>
  <system-out/>
  <testcase classname="testclasses.verifyUserCheckPortfolioBalance" name="verifyUserMoveToPortfolioPage" time="15.263"/>
  <system-out/>
  <testcase classname="testclasses.verifyUserCheckPortfolioBalance" name="verifyUserMoveToEquityPortfolioPage" time="9.911"/>
  <system-out>
    <![CDATA[2,316]]>
  </system-out>
</testsuite> <!-- testclasses.verifyUserCheckPortfolioBalance -->
